<?xml version="1.0" encoding="UTF-8"?>
<testsuite name="com.github.lumunix.electriceye.client.ElectricEyeApiComponentTests" tests="2" skipped="0" failures="0" errors="0" timestamp="2020-11-28T05:14:14" hostname="RAZER-DESKTOP" time="0.137">
  <properties/>
  <testcase name="testPostToServer()" classname="com.github.lumunix.electriceye.client.ElectricEyeApiComponentTests" time="0.132"/>
  <testcase name="testPostToServer_ErrorNotThrownWhenFailure()" classname="com.github.lumunix.electriceye.client.ElectricEyeApiComponentTests" time="0.005"/>
  <system-out><![CDATA[
]]></system-out>
  <system-err><![CDATA[java.lang.IllegalArgumentException: Source byte array may not be null
]]></system-err>
</testsuite>
