<?xml version="1.0" encoding="UTF-8"?>
<testsuite name="com.github.lumunix.jowont.models.JUnitPropertyUnitTests" tests="2" skipped="0" failures="0" errors="0" timestamp="2020-12-03T02:54:44" hostname="RAZER-DESKTOP" time="0.003">
  <properties/>
  <testcase name="noArgsConstructor()" classname="com.github.lumunix.jowont.models.JUnitPropertyUnitTests" time="0.001"/>
  <testcase name="toStringOperation()" classname="com.github.lumunix.jowont.models.JUnitPropertyUnitTests" time="0.001"/>
  <system-out><![CDATA[]]></system-out>
  <system-err><![CDATA[]]></system-err>
</testsuite>
